#! /c/Source/iverilog-install/bin/vvp
:ivl_version "12.0 (devel)" "(s20150603-1539-g2693dd32b)";
:ivl_delay_selection "TYPICAL";
:vpi_time_precision + 0;
:vpi_module "C:\Verilog\2023-2~1\PROGRA~1\ICARUS~1\lib\ivl\system.vpi";
:vpi_module "C:\Verilog\2023-2~1\PROGRA~1\ICARUS~1\lib\ivl\vhdl_sys.vpi";
:vpi_module "C:\Verilog\2023-2~1\PROGRA~1\ICARUS~1\lib\ivl\vhdl_textio.vpi";
:vpi_module "C:\Verilog\2023-2~1\PROGRA~1\ICARUS~1\lib\ivl\v2005_math.vpi";
:vpi_module "C:\Verilog\2023-2~1\PROGRA~1\ICARUS~1\lib\ivl\va_math.vpi";
S_000001c95aad6a00 .scope module, "Exercicio0203" "Exercicio0203" 2 1;
 .timescale 0 0;
v000001c95aadd390_0 .var "b", 7 0;
S_000001c95aad6b90 .scope begin, "main" "main" 2 5, 2 5 0, S_000001c95aad6a00;
 .timescale 0 0;
    .scope S_000001c95aad6a00;
T_0 ;
    %pushi/vec4 72, 0, 8;
    %store/vec4 v000001c95aadd390_0, 0, 8;
    %end;
    .thread T_0;
    .scope S_000001c95aad6a00;
T_1 ;
    %fork t_1, S_000001c95aad6b90;
    %jmp t_0;
    .scope S_000001c95aad6b90;
t_1 ;
    %vpi_call 2 6 "$display", "Exercise 3 - Guide 2" {0 0 0};
    %vpi_call 2 7 "$display", "0.%8b (2)", v000001c95aadd390_0 {0 0 0};
    %vpi_call 2 8 "$display", "0.%o%o%o%o (4)", &PV<v000001c95aadd390_0, 6, 2>, &PV<v000001c95aadd390_0, 4, 2>, &PV<v000001c95aadd390_0, 2, 2>, &PV<v000001c95aadd390_0, 0, 2> {0 0 0};
    %vpi_call 2 9 "$display", "0.%o%o%o (8)", &PV<v000001c95aadd390_0, 6, 2>, &PV<v000001c95aadd390_0, 3, 3>, &PV<v000001c95aadd390_0, 0, 3> {0 0 0};
    %vpi_call 2 10 "$display", "0.%h%h (16)", &PV<v000001c95aadd390_0, 4, 4>, &PV<v000001c95aadd390_0, 0, 4> {0 0 0};
    %end;
    .scope S_000001c95aad6a00;
t_0 %join;
    %end;
    .thread T_1;
# The file index is used to find the file name in the following table.
:file_names 3;
    "N/A";
    "<interactive>";
    "Exercicio0203.v";
