#! /c/Source/iverilog-install/bin/vvp
:ivl_version "12.0 (devel)" "(s20150603-1539-g2693dd32b)";
:ivl_delay_selection "TYPICAL";
:vpi_time_precision + 0;
:vpi_module "C:\Verilog\2023-2~1\PROGRA~1\ICARUS~1\lib\ivl\system.vpi";
:vpi_module "C:\Verilog\2023-2~1\PROGRA~1\ICARUS~1\lib\ivl\vhdl_sys.vpi";
:vpi_module "C:\Verilog\2023-2~1\PROGRA~1\ICARUS~1\lib\ivl\vhdl_textio.vpi";
:vpi_module "C:\Verilog\2023-2~1\PROGRA~1\ICARUS~1\lib\ivl\v2005_math.vpi";
:vpi_module "C:\Verilog\2023-2~1\PROGRA~1\ICARUS~1\lib\ivl\va_math.vpi";
S_0000029bca186a00 .scope module, "Exercicio0201" "Exercicio0201" 2 1;
 .timescale 0 0;
v0000029bca186d20_0 .var "b", 4 0;
v0000029bca186dc0_0 .var/i "counter", 31 0;
v0000029bca18bd10_0 .var/real "power2", 0 0;
v0000029bca18bdb0_0 .var/real "x", 0 0;
S_0000029bca186b90 .scope begin, "main" "main" 2 8, 2 8 0, S_0000029bca186a00;
 .timescale 0 0;
    .scope S_0000029bca186a00;
T_0 ;
    %pushi/real 0, 4065; load=0.00000
    %store/real v0000029bca18bdb0_0;
    %pushi/real 1073741824, 4066; load=1.00000
    %store/real v0000029bca18bd10_0;
    %pushi/vec4 4, 0, 32;
    %store/vec4 v0000029bca186dc0_0, 0, 32;
    %pushi/vec4 13, 0, 5;
    %store/vec4 v0000029bca186d20_0, 0, 5;
    %end;
    .thread T_0;
    .scope S_0000029bca186a00;
T_1 ;
    %fork t_1, S_0000029bca186b90;
    %jmp t_0;
    .scope S_0000029bca186b90;
t_1 ;
    %vpi_call 2 9 "$display", "Exercise 1 - Guide 2" {0 0 0};
    %vpi_call 2 10 "$display", "0.%b (2)", v0000029bca186d20_0 {0 0 0};
T_1.0 ;
    %load/vec4 v0000029bca186dc0_0;
    %cmpi/s 0, 0, 32;
    %flag_inv 5; GE is !LT
    %jmp/0xz T_1.1, 5;
    %load/real v0000029bca18bd10_0;
    %pushi/vec4 2, 0, 32;
    %cvt/rv/s;
    %div/wr;
    %store/real v0000029bca18bd10_0;
    %load/vec4 v0000029bca186d20_0;
    %load/vec4 v0000029bca186dc0_0;
    %part/s 1;
    %pad/u 32;
    %cmpi/e 1, 0, 32;
    %jmp/0xz  T_1.2, 4;
    %load/real v0000029bca18bdb0_0;
    %load/real v0000029bca18bd10_0;
    %add/wr;
    %store/real v0000029bca18bdb0_0;
T_1.2 ;
    %load/vec4 v0000029bca186dc0_0;
    %subi 1, 0, 32;
    %store/vec4 v0000029bca186dc0_0, 0, 32;
    %jmp T_1.0;
T_1.1 ;
    %vpi_call 2 20 "$display", "%f (10)", v0000029bca18bdb0_0 {0 0 0};
    %end;
    .scope S_0000029bca186a00;
t_0 %join;
    %end;
    .thread T_1;
# The file index is used to find the file name in the following table.
:file_names 3;
    "N/A";
    "<interactive>";
    "Exercicio0201.v";
