#! /c/Source/iverilog-install/bin/vvp
:ivl_version "12.0 (devel)" "(s20150603-1539-g2693dd32b)";
:ivl_delay_selection "TYPICAL";
:vpi_time_precision + 0;
:vpi_module "C:\Verilog\2023-2~1\PROGRA~1\ICARUS~1\lib\ivl\system.vpi";
:vpi_module "C:\Verilog\2023-2~1\PROGRA~1\ICARUS~1\lib\ivl\vhdl_sys.vpi";
:vpi_module "C:\Verilog\2023-2~1\PROGRA~1\ICARUS~1\lib\ivl\vhdl_textio.vpi";
:vpi_module "C:\Verilog\2023-2~1\PROGRA~1\ICARUS~1\lib\ivl\v2005_math.vpi";
:vpi_module "C:\Verilog\2023-2~1\PROGRA~1\ICARUS~1\lib\ivl\va_math.vpi";
S_0000014ffbef6b10 .scope module, "Guia_0201" "Guia_0201" 2 5;
 .timescale 0 0;
v0000014ffbefeb40_0 .var "b", 7 0;
v0000014ffbefbcf0_0 .var/real "power2", 0 0;
v0000014ffbefbd90_0 .var/real "x", 0 0;
v0000014ffbefbe30_0 .var/i "y", 31 0;
S_0000014ffbef6ca0 .scope begin, "main" "main" 2 13, 2 13 0, S_0000014ffbef6b10;
 .timescale 0 0;
    .scope S_0000014ffbef6b10;
T_0 ;
    %pushi/real 0, 4065; load=0.00000
    %store/real v0000014ffbefbd90_0;
    %pushi/real 1073741824, 4066; load=1.00000
    %store/real v0000014ffbefbcf0_0;
    %pushi/vec4 7, 0, 32;
    %store/vec4 v0000014ffbefbe30_0, 0, 32;
    %pushi/vec4 160, 0, 8;
    %store/vec4 v0000014ffbefeb40_0, 0, 8;
    %end;
    .thread T_0;
    .scope S_0000014ffbef6b10;
T_1 ;
    %fork t_1, S_0000014ffbef6ca0;
    %jmp t_0;
    .scope S_0000014ffbef6ca0;
t_1 ;
    %vpi_call 2 14 "$display", "Guia_0201 - Tests" {0 0 0};
    %vpi_call 2 15 "$display", "x = %f", v0000014ffbefbd90_0 {0 0 0};
    %vpi_call 2 16 "$display", "b = 0.%8b", v0000014ffbefeb40_0 {0 0 0};
T_1.0 ;
    %load/vec4 v0000014ffbefbe30_0;
    %cmpi/s 0, 0, 32;
    %flag_inv 5; GE is !LT
    %jmp/0xz T_1.1, 5;
    %load/real v0000014ffbefbcf0_0;
    %pushi/real 1073741824, 4067; load=2.00000
    %div/wr;
    %store/real v0000014ffbefbcf0_0;
    %vpi_call 2 20 "$display", "%b", &PV<v0000014ffbefeb40_0, v0000014ffbefbe30_0, 1> {0 0 0};
    %load/vec4 v0000014ffbefeb40_0;
    %load/vec4 v0000014ffbefbe30_0;
    %part/s 1;
    %pad/u 32;
    %cmpi/e 1, 0, 32;
    %jmp/0xz  T_1.2, 4;
    %load/real v0000014ffbefbd90_0;
    %load/real v0000014ffbefbcf0_0;
    %add/wr;
    %store/real v0000014ffbefbd90_0;
T_1.2 ;
    %vpi_call 2 25 "$display", "x = %f", v0000014ffbefbd90_0 {0 0 0};
    %load/vec4 v0000014ffbefbe30_0;
    %subi 1, 0, 32;
    %store/vec4 v0000014ffbefbe30_0, 0, 32;
    %jmp T_1.0;
T_1.1 ;
    %end;
    .scope S_0000014ffbef6b10;
t_0 %join;
    %end;
    .thread T_1;
# The file index is used to find the file name in the following table.
:file_names 3;
    "N/A";
    "<interactive>";
    "Exercicio0102.v";
