#! /c/Source/iverilog-install/bin/vvp
:ivl_version "12.0 (devel)" "(s20150603-1539-g2693dd32b)";
:ivl_delay_selection "TYPICAL";
:vpi_time_precision + 0;
:vpi_module "C:\Verilog\2023-2~1\PROGRA~1\ICARUS~1\lib\ivl\system.vpi";
:vpi_module "C:\Verilog\2023-2~1\PROGRA~1\ICARUS~1\lib\ivl\vhdl_sys.vpi";
:vpi_module "C:\Verilog\2023-2~1\PROGRA~1\ICARUS~1\lib\ivl\vhdl_textio.vpi";
:vpi_module "C:\Verilog\2023-2~1\PROGRA~1\ICARUS~1\lib\ivl\v2005_math.vpi";
:vpi_module "C:\Verilog\2023-2~1\PROGRA~1\ICARUS~1\lib\ivl\va_math.vpi";
S_000001bf85c06a00 .scope module, "Exercicio0202" "Exercicio0202" 2 1;
 .timescale 0 0;
v000001bf85c099d0_0 .var "b", 7 0;
v000001bf85c097f0_0 .var "b2", 7 0;
v000001bf85c06d20_0 .var/i "counter", 31 0;
v000001bf85c06dc0_0 .var/real "x", 0 0;
v000001bf85c53710_0 .var/i "y", 31 0;
S_000001bf85c06b90 .scope begin, "main" "main" 2 10, 2 10 0, S_000001bf85c06a00;
 .timescale 0 0;
    .scope S_000001bf85c06a00;
T_0 ;
    %pushi/vec4 7, 0, 32;
    %store/vec4 v000001bf85c06d20_0, 0, 32;
    %pushi/real 1610612736, 4065; load=0.750000
    %store/real v000001bf85c06dc0_0;
    %pushi/vec4 50, 0, 32;
    %store/vec4 v000001bf85c53710_0, 0, 32;
    %pushi/vec4 0, 0, 8;
    %store/vec4 v000001bf85c097f0_0, 0, 8;
    %pushi/vec4 0, 0, 8;
    %store/vec4 v000001bf85c099d0_0, 0, 8;
    %end;
    .thread T_0;
    .scope S_000001bf85c06a00;
T_1 ;
    %fork t_1, S_000001bf85c06b90;
    %jmp t_0;
    .scope S_000001bf85c06b90;
t_1 ;
    %vpi_call 2 11 "$display", "Exercise 2 - Guide 2" {0 0 0};
    %vpi_call 2 12 "$display", "%f (10)", v000001bf85c06dc0_0 {0 0 0};
    %load/vec4 v000001bf85c53710_0;
    %pad/s 8;
    %store/vec4 v000001bf85c097f0_0, 0, 8;
T_1.0 ;
    %pushi/vec4 0, 0, 32;
    %cvt/rv/s;
    %load/real v000001bf85c06dc0_0;
    %cmp/wr;
    %jmp/0xz T_1.1, 5;
    %pushi/vec4 1, 0, 32;
    %cvt/rv/s;
    %load/real v000001bf85c06dc0_0;
    %pushi/vec4 2, 0, 32;
    %cvt/rv/s;
    %mul/wr;
    %cmp/wr;
    %flag_or 5, 4;
    %jmp/0xz  T_1.2, 5;
    %pushi/vec4 1, 0, 1;
    %ix/getv/s 4, v000001bf85c06d20_0;
    %store/vec4 v000001bf85c099d0_0, 4, 1;
    %load/real v000001bf85c06dc0_0;
    %pushi/vec4 2, 0, 32;
    %cvt/rv/s;
    %mul/wr;
    %pushi/vec4 1, 0, 32;
    %cvt/rv/s;
    %sub/wr;
    %store/real v000001bf85c06dc0_0;
    %jmp T_1.3;
T_1.2 ;
    %pushi/vec4 0, 0, 1;
    %ix/getv/s 4, v000001bf85c06d20_0;
    %store/vec4 v000001bf85c099d0_0, 4, 1;
    %load/real v000001bf85c06dc0_0;
    %pushi/real 1073741824, 4067; load=2.00000
    %mul/wr;
    %store/real v000001bf85c06dc0_0;
T_1.3 ;
    %load/vec4 v000001bf85c06d20_0;
    %subi 1, 0, 32;
    %store/vec4 v000001bf85c06d20_0, 0, 32;
    %jmp T_1.0;
T_1.1 ;
    %vpi_call 2 28 "$display", "%b.%b (2)", v000001bf85c097f0_0, v000001bf85c099d0_0 {0 0 0};
    %end;
    .scope S_000001bf85c06a00;
t_0 %join;
    %end;
    .thread T_1;
# The file index is used to find the file name in the following table.
:file_names 3;
    "N/A";
    "<interactive>";
    "Exercicio0202.v";
