#! /c/Source/iverilog-install/bin/vvp
:ivl_version "12.0 (devel)" "(s20150603-1539-g2693dd32b)";
:ivl_delay_selection "TYPICAL";
:vpi_time_precision + 0;
:vpi_module "C:\Verilog\2023-2~1\PROGRA~1\ICARUS~1\lib\ivl\system.vpi";
:vpi_module "C:\Verilog\2023-2~1\PROGRA~1\ICARUS~1\lib\ivl\vhdl_sys.vpi";
:vpi_module "C:\Verilog\2023-2~1\PROGRA~1\ICARUS~1\lib\ivl\vhdl_textio.vpi";
:vpi_module "C:\Verilog\2023-2~1\PROGRA~1\ICARUS~1\lib\ivl\v2005_math.vpi";
:vpi_module "C:\Verilog\2023-2~1\PROGRA~1\ICARUS~1\lib\ivl\va_math.vpi";
S_0000017a217f6b10 .scope module, "Exercicio0205" "Exercicio0205" 2 1;
 .timescale 0 0;
v0000017a217fea20_0 .var "a", 7 0;
v0000017a217fbf40_0 .var "a_fractional", 7 0;
v0000017a217feec0_0 .var "b", 7 0;
v0000017a216b1ee0_0 .var "b_fractional", 7 0;
v0000017a216b1f80_0 .var "c", 7 0;
v0000017a216b2020_0 .var "d", 7 0;
S_0000017a217f6ca0 .scope begin, "main" "main" 2 10, 2 10 0, S_0000017a217f6b10;
 .timescale 0 0;
    .scope S_0000017a217f6b10;
T_0 ;
    %pushi/vec4 5, 0, 8;
    %store/vec4 v0000017a217fea20_0, 0, 8;
    %pushi/vec4 3, 0, 8;
    %store/vec4 v0000017a217feec0_0, 0, 8;
    %pushi/vec4 1, 0, 8;
    %store/vec4 v0000017a217fbf40_0, 0, 8;
    %pushi/vec4 7, 0, 8;
    %store/vec4 v0000017a216b1ee0_0, 0, 8;
    %pushi/vec4 0, 0, 8;
    %store/vec4 v0000017a216b1f80_0, 0, 8;
    %pushi/vec4 0, 0, 8;
    %store/vec4 v0000017a216b2020_0, 0, 8;
    %end;
    .thread T_0;
    .scope S_0000017a217f6b10;
T_1 ;
    %fork t_1, S_0000017a217f6ca0;
    %jmp t_0;
    .scope S_0000017a217f6ca0;
t_1 ;
    %load/vec4 v0000017a217fea20_0;
    %load/vec4 v0000017a217feec0_0;
    %add;
    %store/vec4 v0000017a216b1f80_0, 0, 8;
    %load/vec4 v0000017a217fbf40_0;
    %load/vec4 v0000017a216b1ee0_0;
    %add;
    %store/vec4 v0000017a216b2020_0, 0, 8;
    %vpi_call 2 13 "$display", "(PARTE INTEIRA) %8b + %8b = %8b", v0000017a217fea20_0, v0000017a217feec0_0, v0000017a216b1f80_0 {0 0 0};
    %vpi_call 2 14 "$display", "(PARTE FRACIONADA) = %8b", v0000017a216b2020_0 {0 0 0};
    %end;
    .scope S_0000017a217f6b10;
t_0 %join;
    %end;
    .thread T_1;
# The file index is used to find the file name in the following table.
:file_names 3;
    "N/A";
    "<interactive>";
    "Exercicio0205.v";
