#! /c/Source/iverilog-install/bin/vvp
:ivl_version "12.0 (devel)" "(s20150603-1539-g2693dd32b)";
:ivl_delay_selection "TYPICAL";
:vpi_time_precision + 0;
:vpi_module "C:\Verilog\2023-2~1\PROGRA~1\ICARUS~1\lib\ivl\system.vpi";
:vpi_module "C:\Verilog\2023-2~1\PROGRA~1\ICARUS~1\lib\ivl\vhdl_sys.vpi";
:vpi_module "C:\Verilog\2023-2~1\PROGRA~1\ICARUS~1\lib\ivl\vhdl_textio.vpi";
:vpi_module "C:\Verilog\2023-2~1\PROGRA~1\ICARUS~1\lib\ivl\v2005_math.vpi";
:vpi_module "C:\Verilog\2023-2~1\PROGRA~1\ICARUS~1\lib\ivl\va_math.vpi";
S_0000020a86686b10 .scope module, "Exercicio0204" "Exercicio0204" 2 1;
 .timescale 0 0;
v0000020a8668ee10_0 .var "b", 5 0;
v0000020a8668b820 .array/i "q", 2 0, 31 0;
v0000020a8668b8c0_0 .var/real "x", 0 0;
S_0000020a86686ca0 .scope begin, "main" "main" 2 7, 2 7 0, S_0000020a86686b10;
 .timescale 0 0;
    .scope S_0000020a86686b10;
T_0 ;
    %pushi/real 1340029796, 4064; load=0.312000
    %pushi/real 1476395, 4042; load=0.312000
    %add/wr;
    %store/real v0000020a8668b8c0_0;
    %end;
    .thread T_0;
    .scope S_0000020a86686b10;
T_1 ;
    %fork t_1, S_0000020a86686ca0;
    %jmp t_0;
    .scope S_0000020a86686ca0;
t_1 ;
    %pushi/vec4 3, 0, 32;
    %ix/load 4, 0, 0;
    %flag_set/imm 4, 0;
    %store/vec4a v0000020a8668b820, 4, 0;
    %pushi/vec4 1, 0, 32;
    %ix/load 4, 1, 0;
    %flag_set/imm 4, 0;
    %store/vec4a v0000020a8668b820, 4, 0;
    %pushi/vec4 2, 0, 32;
    %ix/load 4, 2, 0;
    %flag_set/imm 4, 0;
    %store/vec4a v0000020a8668b820, 4, 0;
    %ix/load 4, 0, 0;
    %flag_set/imm 4, 0;
    %load/vec4a v0000020a8668b820, 4;
    %pad/s 2;
    %ix/load 4, 4, 0;
    %flag_set/imm 4, 0;
    %store/vec4 v0000020a8668ee10_0, 4, 2;
    %ix/load 4, 1, 0;
    %flag_set/imm 4, 0;
    %load/vec4a v0000020a8668b820, 4;
    %pad/s 2;
    %ix/load 4, 2, 0;
    %flag_set/imm 4, 0;
    %store/vec4 v0000020a8668ee10_0, 4, 2;
    %ix/load 4, 2, 0;
    %flag_set/imm 4, 0;
    %load/vec4a v0000020a8668b820, 4;
    %pad/s 2;
    %ix/load 4, 0, 0;
    %flag_set/imm 4, 0;
    %store/vec4 v0000020a8668ee10_0, 4, 2;
    %vpi_call 2 14 "$display", "%.3f", v0000020a8668b8c0_0 {0 0 0};
    %vpi_call 2 15 "$display", "%b", v0000020a8668ee10_0 {0 0 0};
    %vpi_call 2 16 "$display", "%b%b%b", &PV<v0000020a8668ee10_0, 4, 2>, &PV<v0000020a8668ee10_0, 2, 2>, &PV<v0000020a8668ee10_0, 0, 2> {0 0 0};
    %end;
    .scope S_0000020a86686b10;
t_0 %join;
    %end;
    .thread T_1;
# The file index is used to find the file name in the following table.
:file_names 3;
    "N/A";
    "<interactive>";
    "Exercicio0204.v";
