#! /c/Source/iverilog-install/bin/vvp
:ivl_version "12.0 (devel)" "(s20150603-1539-g2693dd32b)";
:ivl_delay_selection "TYPICAL";
:vpi_time_precision + 0;
:vpi_module "C:\Verilog\2023-2~1\PROGRA~1\ICARUS~1\lib\ivl\system.vpi";
:vpi_module "C:\Verilog\2023-2~1\PROGRA~1\ICARUS~1\lib\ivl\vhdl_sys.vpi";
:vpi_module "C:\Verilog\2023-2~1\PROGRA~1\ICARUS~1\lib\ivl\vhdl_textio.vpi";
:vpi_module "C:\Verilog\2023-2~1\PROGRA~1\ICARUS~1\lib\ivl\v2005_math.vpi";
:vpi_module "C:\Verilog\2023-2~1\PROGRA~1\ICARUS~1\lib\ivl\va_math.vpi";
S_0000028f89af9a50 .scope module, "Guia_0105" "Guia_0105" 2 6;
 .timescale 0 0;
v0000028f89af8b30_0 .var "a", 71 0;
v0000028f89af6e40_0 .var "b", 55 0;
v0000028f89af8f40_0 .var "c", 111 0;
v0000028f89af8fe0_0 .var "d", 39 0;
v0000028f89afb8f0_0 .var "e", 39 0;
v0000028f89afb990_0 .var/i "x", 31 0;
S_0000028f89af9290 .scope begin, "main" "main" 2 18, 2 18 0, S_0000028f89af9a50;
 .timescale 0 0;
    .scope S_0000028f89af9a50;
T_0 ;
    %pushi/vec4 13, 0, 32;
    %store/vec4 v0000028f89afb990_0, 0, 32;
    %pushi/vec4 1347765037, 0, 32; draw_string_vec4
    %pushi/vec4 1298755169, 0, 32; draw_string_vec4
    %concat/vec4; draw_string_vec4
    %pushi/vec4 115, 0, 8; draw_string_vec4
    %concat/vec4; draw_string_vec4
    %store/vec4 v0000028f89af8b30_0, 0, 72;
    %pushi/vec4 842019379, 0, 32; draw_string_vec4
    %pushi/vec4 2961458, 0, 24; draw_string_vec4
    %concat/vec4; draw_string_vec4
    %store/vec4 v0000028f89af6e40_0, 0, 56;
    %pushi/vec4 1113943151, 0, 32; draw_string_vec4
    %pushi/vec4 541618034, 0, 32; draw_string_vec4
    %concat/vec4; draw_string_vec4
    %pushi/vec4 1769631598, 0, 32; draw_string_vec4
    %concat/vec4; draw_string_vec4
    %pushi/vec4 29797, 0, 16; draw_string_vec4
    %concat/vec4; draw_string_vec4
    %store/vec4 v0000028f89af8f40_0, 0, 112;
    %end;
    .thread T_0;
    .scope S_0000028f89af9a50;
T_1 ;
    %fork t_1, S_0000028f89af9290;
    %jmp t_0;
    .scope S_0000028f89af9290;
t_1 ;
    %vpi_call 2 19 "$display", "Guia_0105" {0 0 0};
    %vpi_call 2 20 "$display", "a = %s", v0000028f89af8b30_0 {0 0 0};
    %vpi_call 2 21 "$display", "a(16_ASCII) = %h", v0000028f89af8b30_0 {0 0 0};
    %vpi_call 2 22 "$display", "b = %s", v0000028f89af6e40_0 {0 0 0};
    %vpi_call 2 23 "$display", "b(16_ASCII) = %h", v0000028f89af6e40_0 {0 0 0};
    %vpi_call 2 24 "$display", "c = %s", v0000028f89af8f40_0 {0 0 0};
    %vpi_call 2 25 "$display", "c(2_ASCII) = %b", v0000028f89af8f40_0 {0 0 0};
    %pushi/vec4 78, 0, 8;
    %ix/load 4, 32, 0;
    %flag_set/imm 4, 0;
    %store/vec4 v0000028f89af8fe0_0, 4, 8;
    %pushi/vec4 111, 0, 8;
    %ix/load 4, 24, 0;
    %flag_set/imm 4, 0;
    %store/vec4 v0000028f89af8fe0_0, 4, 8;
    %pushi/vec4 105, 0, 8;
    %ix/load 4, 16, 0;
    %flag_set/imm 4, 0;
    %store/vec4 v0000028f89af8fe0_0, 4, 8;
    %pushi/vec4 116, 0, 8;
    %ix/load 4, 8, 0;
    %flag_set/imm 4, 0;
    %store/vec4 v0000028f89af8fe0_0, 4, 8;
    %pushi/vec4 101, 0, 8;
    %ix/load 4, 0, 0;
    %flag_set/imm 4, 0;
    %store/vec4 v0000028f89af8fe0_0, 4, 8;
    %vpi_call 2 31 "$display", "d(8) = 116 157 151 164 145" {0 0 0};
    %vpi_call 2 32 "$display", "d(ASCII) = %s", v0000028f89af8fe0_0 {0 0 0};
    %pushi/vec4 77, 0, 8;
    %ix/load 4, 32, 0;
    %flag_set/imm 4, 0;
    %store/vec4 v0000028f89afb8f0_0, 4, 8;
    %pushi/vec4 46, 0, 8;
    %ix/load 4, 24, 0;
    %flag_set/imm 4, 0;
    %store/vec4 v0000028f89afb8f0_0, 4, 8;
    %pushi/vec4 32, 0, 8;
    %ix/load 4, 16, 0;
    %flag_set/imm 4, 0;
    %store/vec4 v0000028f89afb8f0_0, 4, 8;
    %pushi/vec4 71, 0, 8;
    %ix/load 4, 8, 0;
    %flag_set/imm 4, 0;
    %store/vec4 v0000028f89afb8f0_0, 4, 8;
    %pushi/vec4 46, 0, 8;
    %ix/load 4, 0, 0;
    %flag_set/imm 4, 0;
    %store/vec4 v0000028f89afb8f0_0, 4, 8;
    %vpi_call 2 38 "$display", "e(16) = 4D 2E 20 47 2E" {0 0 0};
    %vpi_call 2 39 "$display", "e(ASCII) = %s", v0000028f89afb8f0_0 {0 0 0};
    %end;
    .scope S_0000028f89af9a50;
t_0 %join;
    %end;
    .thread T_1;
# The file index is used to find the file name in the following table.
:file_names 3;
    "N/A";
    "<interactive>";
    "Guia_0105.v";
