#! /c/Source/iverilog-install/bin/vvp
:ivl_version "12.0 (devel)" "(s20150603-1539-g2693dd32b)";
:ivl_delay_selection "TYPICAL";
:vpi_time_precision + 0;
:vpi_module "C:\Verilog\2023-2~1\PROGRA~1\ICARUS~1\lib\ivl\system.vpi";
:vpi_module "C:\Verilog\2023-2~1\PROGRA~1\ICARUS~1\lib\ivl\vhdl_sys.vpi";
:vpi_module "C:\Verilog\2023-2~1\PROGRA~1\ICARUS~1\lib\ivl\vhdl_textio.vpi";
:vpi_module "C:\Verilog\2023-2~1\PROGRA~1\ICARUS~1\lib\ivl\v2005_math.vpi";
:vpi_module "C:\Verilog\2023-2~1\PROGRA~1\ICARUS~1\lib\ivl\va_math.vpi";
S_000001f8abaa6a00 .scope module, "Exercicio0104" "Exercicio0104" 2 2;
 .timescale 0 0;
v000001f8abaaee60_0 .var "a", 7 0;
v000001f8abaaef00_0 .var "b", 7 0;
S_000001f8abaa6b90 .scope begin, "main" "main" 2 8, 2 8 0, S_000001f8abaa6a00;
 .timescale 0 0;
    .scope S_000001f8abaa6a00;
T_0 ;
    %pushi/vec4 0, 0, 8;
    %store/vec4 v000001f8abaaee60_0, 0, 8;
    %pushi/vec4 26, 0, 8;
    %store/vec4 v000001f8abaaef00_0, 0, 8;
    %end;
    .thread T_0;
    .scope S_000001f8abaa6a00;
T_1 ;
    %fork t_1, S_000001f8abaa6b90;
    %jmp t_0;
    .scope S_000001f8abaa6b90;
t_1 ;
    %vpi_call 2 9 "$display", "Exercicio 4 - Guia 1" {0 0 0};
    %vpi_call 2 10 "$display", "Bin\303\241rio = %8b", v000001f8abaaef00_0 {0 0 0};
    %load/vec4 v000001f8abaaef00_0;
    %store/vec4 v000001f8abaaee60_0, 0, 8;
    %vpi_call 2 12 "$display", "Base 4 = [%2b] [%2b] [%2b] [%2b] = %o%o%o%o", &PV<v000001f8abaaee60_0, 6, 2>, &PV<v000001f8abaaee60_0, 4, 2>, &PV<v000001f8abaaee60_0, 2, 2>, &PV<v000001f8abaaee60_0, 0, 2>, &PV<v000001f8abaaee60_0, 6, 2>, &PV<v000001f8abaaee60_0, 4, 2>, &PV<v000001f8abaaee60_0, 2, 2>, &PV<v000001f8abaaee60_0, 0, 2> {0 0 0};
    %vpi_call 2 13 "$display", "Base 8 = [%3b] [%3b] [%3b] = %o%o%o", &PV<v000001f8abaaef00_0, 6, 2>, &PV<v000001f8abaaef00_0, 3, 3>, &PV<v000001f8abaaef00_0, 0, 3>, &PV<v000001f8abaaef00_0, 6, 2>, &PV<v000001f8abaaef00_0, 3, 3>, &PV<v000001f8abaaef00_0, 0, 3> {0 0 0};
    %vpi_call 2 14 "$display", "Base 16 = [%4b] [%4b] = %h%h", &PV<v000001f8abaaef00_0, 4, 4>, &PV<v000001f8abaaef00_0, 0, 4>, &PV<v000001f8abaaef00_0, 4, 4>, &PV<v000001f8abaaef00_0, 0, 4> {0 0 0};
    %end;
    .scope S_000001f8abaa6a00;
t_0 %join;
    %end;
    .thread T_1;
# The file index is used to find the file name in the following table.
:file_names 3;
    "N/A";
    "<interactive>";
    "Exercicio0104.v";
