#! /c/Source/iverilog-install/bin/vvp
:ivl_version "12.0 (devel)" "(s20150603-1539-g2693dd32b)";
:ivl_delay_selection "TYPICAL";
:vpi_time_precision + 0;
:vpi_module "C:\Verilog\2023-2~1\PROGRA~1\ICARUS~1\lib\ivl\system.vpi";
:vpi_module "C:\Verilog\2023-2~1\PROGRA~1\ICARUS~1\lib\ivl\vhdl_sys.vpi";
:vpi_module "C:\Verilog\2023-2~1\PROGRA~1\ICARUS~1\lib\ivl\vhdl_textio.vpi";
:vpi_module "C:\Verilog\2023-2~1\PROGRA~1\ICARUS~1\lib\ivl\v2005_math.vpi";
:vpi_module "C:\Verilog\2023-2~1\PROGRA~1\ICARUS~1\lib\ivl\va_math.vpi";
S_000002f2e30287e0 .scope module, "Exercicio0102" "Exercicio0102" 2 3;
 .timescale 0 0;
v000002f2e2ef6eb0_0 .var "b", 7 0;
v000002f2e3026e00_0 .var/i "x", 31 0;
S_000002f2e3028970 .scope begin, "main" "main" 2 8, 2 8 0, S_000002f2e30287e0;
 .timescale 0 0;
    .scope S_000002f2e30287e0;
T_0 ;
    %pushi/vec4 0, 0, 32;
    %store/vec4 v000002f2e3026e00_0, 0, 32;
    %pushi/vec4 26, 0, 8;
    %store/vec4 v000002f2e2ef6eb0_0, 0, 8;
    %end;
    .thread T_0;
    .scope S_000002f2e30287e0;
T_1 ;
    %fork t_1, S_000002f2e3028970;
    %jmp t_0;
    .scope S_000002f2e3028970;
t_1 ;
    %vpi_call 2 9 "$display", "Exercicio 2 - Guia 1" {0 0 0};
    %vpi_call 2 10 "$display", "b = %8b", v000002f2e2ef6eb0_0 {0 0 0};
    %vpi_call 2 11 "$display", "x = %d (before converion)", v000002f2e3026e00_0 {0 0 0};
    %load/vec4 v000002f2e2ef6eb0_0;
    %pad/u 32;
    %store/vec4 v000002f2e3026e00_0, 0, 32;
    %vpi_call 2 13 "$display", "x = %d (after conversion)", v000002f2e3026e00_0 {0 0 0};
    %end;
    .scope S_000002f2e30287e0;
t_0 %join;
    %end;
    .thread T_1;
# The file index is used to find the file name in the following table.
:file_names 3;
    "N/A";
    "<interactive>";
    "Exercicio0102.v";
