#! /c/Source/iverilog-install/bin/vvp
:ivl_version "12.0 (devel)" "(s20150603-1539-g2693dd32b)";
:ivl_delay_selection "TYPICAL";
:vpi_time_precision + 0;
:vpi_module "C:\Verilog\2023-2~1\PROGRA~1\ICARUS~1\lib\ivl\system.vpi";
:vpi_module "C:\Verilog\2023-2~1\PROGRA~1\ICARUS~1\lib\ivl\vhdl_sys.vpi";
:vpi_module "C:\Verilog\2023-2~1\PROGRA~1\ICARUS~1\lib\ivl\vhdl_textio.vpi";
:vpi_module "C:\Verilog\2023-2~1\PROGRA~1\ICARUS~1\lib\ivl\v2005_math.vpi";
:vpi_module "C:\Verilog\2023-2~1\PROGRA~1\ICARUS~1\lib\ivl\va_math.vpi";
S_000001d0f7146a00 .scope module, "Exercicio0103" "Exercicio0103" 2 2;
 .timescale 0 0;
v000001d0f714e5d0_0 .var "b", 7 0;
v000001d0f714e770_0 .var/i "x", 31 0;
S_000001d0f7146b90 .scope begin, "main" "main" 2 7, 2 7 0, S_000001d0f7146a00;
 .timescale 0 0;
    .scope S_000001d0f7146a00;
T_0 ;
    %pushi/vec4 26, 0, 32;
    %store/vec4 v000001d0f714e770_0, 0, 32;
    %pushi/vec4 0, 0, 8;
    %store/vec4 v000001d0f714e5d0_0, 0, 8;
    %end;
    .thread T_0;
    .scope S_000001d0f7146a00;
T_1 ;
    %fork t_1, S_000001d0f7146b90;
    %jmp t_0;
    .scope S_000001d0f7146b90;
t_1 ;
    %vpi_call 2 8 "$display", "Exercicio 3 - Guia 1" {0 0 0};
    %vpi_call 2 9 "$display", "x = %d", v000001d0f714e770_0 {0 0 0};
    %vpi_call 2 10 "$display", "b = %8b", v000001d0f714e5d0_0 {0 0 0};
    %load/vec4 v000001d0f714e770_0;
    %pad/s 8;
    %store/vec4 v000001d0f714e5d0_0, 0, 8;
    %vpi_call 2 13 "$display", "b = %B (2)", v000001d0f714e5d0_0 {0 0 0};
    %vpi_call 2 14 "$display", "b = [%2b] [%2b] [%2b] [%2b] = %o%o%o%o (4)", &PV<v000001d0f714e5d0_0, 6, 2>, &PV<v000001d0f714e5d0_0, 4, 2>, &PV<v000001d0f714e5d0_0, 2, 2>, &PV<v000001d0f714e5d0_0, 0, 2>, &PV<v000001d0f714e5d0_0, 6, 2>, &PV<v000001d0f714e5d0_0, 4, 2>, &PV<v000001d0f714e5d0_0, 2, 2>, &PV<v000001d0f714e5d0_0, 0, 2> {0 0 0};
    %vpi_call 2 15 "$display", "b = %o (8)", v000001d0f714e5d0_0 {0 0 0};
    %vpi_call 2 16 "$display", "b = %x (16)", v000001d0f714e5d0_0 {0 0 0};
    %vpi_call 2 17 "$display", "b = %X (16)", v000001d0f714e5d0_0 {0 0 0};
    %end;
    .scope S_000001d0f7146a00;
t_0 %join;
    %end;
    .thread T_1;
# The file index is used to find the file name in the following table.
:file_names 3;
    "N/A";
    "<interactive>";
    "Exercicio0103.v";
