#! /c/Source/iverilog-install/bin/vvp
:ivl_version "12.0 (devel)" "(s20150603-1539-g2693dd32b)";
:ivl_delay_selection "TYPICAL";
:vpi_time_precision + 0;
:vpi_module "C:\Verilog\2023-2~1\PROGRA~1\ICARUS~1\lib\ivl\system.vpi";
:vpi_module "C:\Verilog\2023-2~1\PROGRA~1\ICARUS~1\lib\ivl\vhdl_sys.vpi";
:vpi_module "C:\Verilog\2023-2~1\PROGRA~1\ICARUS~1\lib\ivl\vhdl_textio.vpi";
:vpi_module "C:\Verilog\2023-2~1\PROGRA~1\ICARUS~1\lib\ivl\v2005_math.vpi";
:vpi_module "C:\Verilog\2023-2~1\PROGRA~1\ICARUS~1\lib\ivl\va_math.vpi";
S_000001703f5dbe50 .scope module, "Guia_0204" "Guia_0204" 2 7;
 .timescale 0 0;
v000001703f5db910_0 .var/i "a", 31 0;
v000001703f5d6e40_0 .var "b", 11 0;
v000001703f5d92b0_0 .var "bin", 15 0;
v000001703f5daec0_0 .var "c", 9 0;
v000001703f5daf60_0 .var "d", 11 0;
v000001703f494670_0 .var "e", 15 0;
S_000001703f5db780 .scope begin, "main" "main" 2 18, 2 18 0, S_000001703f5dbe50;
 .timescale 0 0;
    .scope S_000001703f5dbe50;
T_0 ;
    %pushi/vec4 312, 0, 32;
    %store/vec4 v000001703f5db910_0, 0, 32;
    %pushi/vec4 999, 0, 12;
    %store/vec4 v000001703f5d6e40_0, 0, 12;
    %pushi/vec4 489, 0, 10;
    %store/vec4 v000001703f5daec0_0, 0, 10;
    %pushi/vec4 3737, 0, 12;
    %store/vec4 v000001703f5daf60_0, 0, 12;
    %pushi/vec4 43858, 0, 16;
    %store/vec4 v000001703f494670_0, 0, 16;
    %pushi/vec4 0, 0, 16;
    %store/vec4 v000001703f5d92b0_0, 0, 16;
    %end;
    .thread T_0;
    .scope S_000001703f5dbe50;
T_1 ;
    %fork t_1, S_000001703f5db780;
    %jmp t_0;
    .scope S_000001703f5db780;
t_1 ;
    %load/vec4 v000001703f5db910_0;
    %pad/s 16;
    %store/vec4 v000001703f5d92b0_0, 0, 16;
    %vpi_call 2 20 "$display", "Guia_0204" {0 0 0};
    %vpi_call 2 21 "$display", "a = 0.%d (4)", v000001703f5db910_0 {0 0 0};
    %vpi_call 2 22 "$display", "a = 0.%b (2)", &PV<v000001703f5d92b0_0, 0, 10> {0 0 0};
    %load/vec4 v000001703f5d6e40_0;
    %ix/load 4, 0, 0;
    %flag_set/imm 4, 0;
    %store/vec4 v000001703f5d92b0_0, 4, 12;
    %vpi_call 2 26 "$display", "b = 0.%h (16)", v000001703f5d6e40_0 {0 0 0};
    %vpi_call 2 27 "$display", "b = 0.%b (2)", &PV<v000001703f5d92b0_0, 0, 12> {0 0 0};
    %vpi_call 2 28 "$display", "b = 0.%d%d%d%d%d%d (4)", &PV<v000001703f5d92b0_0, 10, 2>, &PV<v000001703f5d92b0_0, 8, 2>, &PV<v000001703f5d92b0_0, 6, 2>, &PV<v000001703f5d92b0_0, 4, 2>, &PV<v000001703f5d92b0_0, 2, 2>, &PV<v000001703f5d92b0_0, 0, 2> {0 0 0};
    %load/vec4 v000001703f5daec0_0;
    %ix/load 4, 0, 0;
    %flag_set/imm 4, 0;
    %store/vec4 v000001703f5d92b0_0, 4, 10;
    %vpi_call 2 31 "$display", "c = 0.%o (8)", v000001703f5daec0_0 {0 0 0};
    %vpi_call 2 32 "$display", "c = 0.%b (2)", &PV<v000001703f5d92b0_0, 0, 10> {0 0 0};
    %load/vec4 v000001703f5daf60_0;
    %ix/load 4, 0, 0;
    %flag_set/imm 4, 0;
    %store/vec4 v000001703f5d92b0_0, 4, 12;
    %vpi_call 2 35 "$display", "d = 0.%o (8)", v000001703f5daf60_0 {0 0 0};
    %vpi_call 2 36 "$display", "d = 0.%b (2)", &PV<v000001703f5d92b0_0, 0, 12> {0 0 0};
    %vpi_call 2 37 "$display", "b = 0.%d%d%d%d%d (4)", &PV<v000001703f5d92b0_0, 10, 2>, &PV<v000001703f5d92b0_0, 8, 2>, &PV<v000001703f5d92b0_0, 6, 2>, &PV<v000001703f5d92b0_0, 4, 2>, &PV<v000001703f5d92b0_0, 2, 2> {0 0 0};
    %load/vec4 v000001703f494670_0;
    %store/vec4 v000001703f5d92b0_0, 0, 16;
    %vpi_call 2 39 "$display", "e = 0.%h (16)", v000001703f494670_0 {0 0 0};
    %vpi_call 2 40 "$display", "e = 0.%b (2)", v000001703f5d92b0_0 {0 0 0};
    %vpi_call 2 41 "$display", "e = 0.%d%d%d%d%d%d (4)", &PV<v000001703f5d92b0_0, 10, 2>, &PV<v000001703f5d92b0_0, 8, 2>, &PV<v000001703f5d92b0_0, 6, 2>, &PV<v000001703f5d92b0_0, 4, 2>, &PV<v000001703f5d92b0_0, 2, 2>, &PV<v000001703f5d92b0_0, 0, 2> {0 0 0};
    %end;
    .scope S_000001703f5dbe50;
t_0 %join;
    %end;
    .thread T_1;
# The file index is used to find the file name in the following table.
:file_names 3;
    "N/A";
    "<interactive>";
    "Guia_0204.v";
