#! /c/Source/iverilog-install/bin/vvp
:ivl_version "12.0 (devel)" "(s20150603-1539-g2693dd32b)";
:ivl_delay_selection "TYPICAL";
:vpi_time_precision + 0;
:vpi_module "C:\Verilog\2023-2~1\PROGRA~1\ICARUS~1\lib\ivl\system.vpi";
:vpi_module "C:\Verilog\2023-2~1\PROGRA~1\ICARUS~1\lib\ivl\vhdl_sys.vpi";
:vpi_module "C:\Verilog\2023-2~1\PROGRA~1\ICARUS~1\lib\ivl\vhdl_textio.vpi";
:vpi_module "C:\Verilog\2023-2~1\PROGRA~1\ICARUS~1\lib\ivl\v2005_math.vpi";
:vpi_module "C:\Verilog\2023-2~1\PROGRA~1\ICARUS~1\lib\ivl\va_math.vpi";
S_000001de7e246680 .scope module, "Guia_0202" "Guia_0202" 2 7;
 .timescale 0 0;
v000001de7e2a58f0_0 .var/real "a", 0 0;
v000001de7e2a5da0_0 .var "aux", 9 0;
v000001de7e2a5e40_0 .var/real "b", 0 0;
v000001de7e2a6c50_0 .var/real "c", 0 0;
v000001de7e2a6750_0 .var/real "d", 0 0;
v000001de7e2a6070_0 .var/real "e", 0 0;
S_000001de7e246810 .scope task, "double2bin" "double2bin" 2 30, 2 30 0, S_000001de7e246680;
 .timescale 0 0;
v000001de7e25fef0 .array/i "array", 9 0, 31 0;
v000001de7e37bd30_0 .var/real "auxiliar", 0 0;
v000001de7e376e40_0 .var "bin", 9 0;
v000001de7e254570_0 .var/i "i", 31 0;
v000001de7e2a5030_0 .var/i "k", 31 0;
v000001de7e2a50d0_0 .var/real "number", 0 0;
v000001de7e2a5170_0 .var/i "p", 31 0;
v000001de7e2a5210_0 .var/real "parteFracionaria", 0 0;
v000001de7e2a52b0_0 .var/i "parteInteira", 31 0;
v000001de7e2a5350_0 .var "temp", 9 0;
TD_Guia_0202.double2bin ;
    %load/real v000001de7e2a50d0_0;
    %cvt/vr 32;
    %store/vec4 v000001de7e2a52b0_0, 0, 32;
    %load/real v000001de7e2a50d0_0;
    %load/vec4 v000001de7e2a52b0_0;
    %cvt/rv/s;
    %cmp/wr;
    %jmp/0xz  T_0.0, 5;
    ; show_stmt_assign_vector: Get l-value for compressed -= operand
    %load/vec4 v000001de7e2a52b0_0;
    %pushi/vec4 1, 0, 32;
    %sub;
    %store/vec4 v000001de7e2a52b0_0, 0, 32;
T_0.0 ;
    %load/vec4 v000001de7e2a52b0_0;
    %pad/s 10;
    %store/vec4 v000001de7e2a5350_0, 0, 10;
    %load/real v000001de7e2a50d0_0;
    %load/vec4 v000001de7e2a52b0_0;
    %cvt/rv/s;
    %sub/wr;
    %store/real v000001de7e2a5210_0;
    %pushi/vec4 0, 0, 32;
    %store/vec4 v000001de7e254570_0, 0, 32;
    %pushi/vec4 0, 0, 32;
    %store/vec4 v000001de7e2a5170_0, 0, 32;
T_0.2 ;
    %load/real v000001de7e2a5210_0;
    %pushi/real 0, 4065; load=0.00000
    %cmp/wr;
    %flag_inv 4;
    %flag_get/vec4 4;
    %flag_set/vec4 8;
    %jmp/0xz T_0.3, 8;
    %load/real v000001de7e2a5210_0;
    %pushi/vec4 2, 0, 32;
    %cvt/rv/s;
    %mul/wr;
    %store/real v000001de7e37bd30_0;
    %load/real v000001de7e37bd30_0;
    %cvt/vr 32;
    %store/vec4 v000001de7e2a52b0_0, 0, 32;
    %load/real v000001de7e37bd30_0;
    %load/vec4 v000001de7e2a52b0_0;
    %cvt/rv/s;
    %cmp/wr;
    %jmp/0xz  T_0.4, 5;
    ; show_stmt_assign_vector: Get l-value for compressed -= operand
    %load/vec4 v000001de7e2a52b0_0;
    %pushi/vec4 1, 0, 32;
    %sub;
    %store/vec4 v000001de7e2a52b0_0, 0, 32;
T_0.4 ;
    %load/real v000001de7e37bd30_0;
    %load/vec4 v000001de7e2a52b0_0;
    %cvt/rv/s;
    %sub/wr;
    %store/real v000001de7e2a5210_0;
    %load/vec4 v000001de7e2a52b0_0;
    %ix/getv/s 4, v000001de7e254570_0;
    %store/vec4a v000001de7e25fef0, 4, 0;
    ; show_stmt_assign_vector: Get l-value for compressed += operand
    %load/vec4 v000001de7e254570_0;
    %pushi/vec4 1, 0, 32;
    %add;
    %store/vec4 v000001de7e254570_0, 0, 32;
    %jmp T_0.2;
T_0.3 ;
    %load/vec4 v000001de7e254570_0;
    %subi 1, 0, 32;
    %store/vec4 v000001de7e2a5030_0, 0, 32;
T_0.6 ;
    %load/vec4 v000001de7e254570_0;
    %subi 1, 0, 32;
    %cmpi/s 0, 0, 32;
    %flag_inv 5; GE is !LT
    %jmp/0xz T_0.7, 5;
    %load/vec4 v000001de7e254570_0;
    %subi 1, 0, 32;
    %ix/vec4/s 4;
    %load/vec4a v000001de7e25fef0, 4;
    %pad/s 1;
    %ix/getv/s 4, v000001de7e2a5170_0;
    %store/vec4 v000001de7e376e40_0, 4, 1;
    %vpi_call 2 61 "$display", "bin = ", &PV<v000001de7e376e40_0, v000001de7e2a5170_0, 1> {0 0 0};
    ; show_stmt_assign_vector: Get l-value for compressed -= operand
    %load/vec4 v000001de7e254570_0;
    %pushi/vec4 1, 0, 32;
    %sub;
    %store/vec4 v000001de7e254570_0, 0, 32;
    ; show_stmt_assign_vector: Get l-value for compressed += operand
    %load/vec4 v000001de7e2a5170_0;
    %pushi/vec4 1, 0, 32;
    %add;
    %store/vec4 v000001de7e2a5170_0, 0, 32;
    %jmp T_0.6;
T_0.7 ;
    %vpi_call 2 65 "$write", "Convers\303\243o de %f(10) para", v000001de7e2a50d0_0 {0 0 0};
    %vpi_call 2 66 "$write", " %b", v000001de7e2a5350_0 {0 0 0};
    %load/vec4 v000001de7e2a5030_0;
    %store/vec4 v000001de7e2a5850_0, 0, 32;
    %load/vec4 v000001de7e376e40_0;
    %store/vec4 v000001de7e2a5710_0, 0, 10;
    %fork TD_Guia_0202.printBinaryFractionalPart, S_000001de7e2a5580;
    %join;
    %end;
S_000001de7e2a53f0 .scope begin, "main" "main" 2 71, 2 71 0, S_000001de7e246680;
 .timescale 0 0;
S_000001de7e2a5580 .scope task, "printBinaryFractionalPart" "printBinaryFractionalPart" 2 17, 2 17 0, S_000001de7e246680;
 .timescale 0 0;
v000001de7e2a5710_0 .var "bin", 9 0;
v000001de7e2a57b0_0 .var/i "i", 31 0;
v000001de7e2a5850_0 .var/i "start", 31 0;
TD_Guia_0202.printBinaryFractionalPart ;
    %vpi_call 2 22 "$write", "." {0 0 0};
    %load/vec4 v000001de7e2a5850_0;
    %store/vec4 v000001de7e2a57b0_0, 0, 32;
T_1.8 ;
    %load/vec4 v000001de7e2a57b0_0;
    %cmpi/s 0, 0, 32;
    %flag_inv 5; GE is !LT
    %jmp/0xz T_1.9, 5;
    %vpi_call 2 24 "$write", "%b", &PV<v000001de7e2a5710_0, v000001de7e2a57b0_0, 1> {0 0 0};
    ; show_stmt_assign_vector: Get l-value for compressed -= operand
    %load/vec4 v000001de7e2a57b0_0;
    %pushi/vec4 1, 0, 32;
    %sub;
    %store/vec4 v000001de7e2a57b0_0, 0, 32;
    %jmp T_1.8;
T_1.9 ;
    %vpi_call 2 26 "$write", "(2)\012" {0 0 0};
    %end;
    .scope S_000001de7e246680;
T_2 ;
    %pushi/real 1610612736, 4065; load=0.750000
    %store/real v000001de7e2a58f0_0;
    %pushi/real 1476395008, 4066; load=1.37500
    %store/real v000001de7e2a5e40_0;
    %pushi/real 1409286144, 4067; load=2.62500
    %store/real v000001de7e2a6c50_0;
    %pushi/real 1845493760, 4068; load=6.87500
    %store/real v000001de7e2a6750_0;
    %pushi/real 1480589312, 4069; load=11.0312
    %store/real v000001de7e2a6070_0;
    %pushi/vec4 0, 0, 10;
    %store/vec4 v000001de7e2a5da0_0, 0, 10;
    %end;
    .thread T_2;
    .scope S_000001de7e246680;
T_3 ;
    %fork t_1, S_000001de7e2a53f0;
    %jmp t_0;
    .scope S_000001de7e2a53f0;
t_1 ;
    %vpi_call 2 72 "$display", "Guia_0202" {0 0 0};
    %load/real v000001de7e2a58f0_0;
    %store/real v000001de7e2a50d0_0;
    %fork TD_Guia_0202.double2bin, S_000001de7e246810;
    %join;
    %load/real v000001de7e2a5e40_0;
    %store/real v000001de7e2a50d0_0;
    %fork TD_Guia_0202.double2bin, S_000001de7e246810;
    %join;
    %load/real v000001de7e2a6c50_0;
    %store/real v000001de7e2a50d0_0;
    %fork TD_Guia_0202.double2bin, S_000001de7e246810;
    %join;
    %load/real v000001de7e2a6750_0;
    %store/real v000001de7e2a50d0_0;
    %fork TD_Guia_0202.double2bin, S_000001de7e246810;
    %join;
    %load/real v000001de7e2a6070_0;
    %store/real v000001de7e2a50d0_0;
    %fork TD_Guia_0202.double2bin, S_000001de7e246810;
    %join;
    %end;
    .scope S_000001de7e246680;
t_0 %join;
    %end;
    .thread T_3;
# The file index is used to find the file name in the following table.
:file_names 3;
    "N/A";
    "<interactive>";
    "Guia_0202.v";
