#! /c/Source/iverilog-install/bin/vvp
:ivl_version "12.0 (devel)" "(s20150603-1539-g2693dd32b)";
:ivl_delay_selection "TYPICAL";
:vpi_time_precision + 0;
:vpi_module "C:\Verilog\2023-2~1\PROGRA~1\ICARUS~1\lib\ivl\system.vpi";
:vpi_module "C:\Verilog\2023-2~1\PROGRA~1\ICARUS~1\lib\ivl\vhdl_sys.vpi";
:vpi_module "C:\Verilog\2023-2~1\PROGRA~1\ICARUS~1\lib\ivl\vhdl_textio.vpi";
:vpi_module "C:\Verilog\2023-2~1\PROGRA~1\ICARUS~1\lib\ivl\v2005_math.vpi";
:vpi_module "C:\Verilog\2023-2~1\PROGRA~1\ICARUS~1\lib\ivl\va_math.vpi";
S_00000191d09a6a40 .scope module, "guia_0201" "guia_0201" 2 8;
 .timescale 0 0;
v00000191d09f3150_0 .var "a", 6 0;
v00000191d09f31f0_0 .var/real "aux", 0 0;
v00000191d09f3290_0 .var "b", 6 0;
v00000191d09f3330_0 .var "c", 6 0;
v00000191d09f33d0_0 .var "d", 6 0;
v00000191d09f3470_0 .var "e", 6 0;
S_00000191d09a6bd0 .scope function.real, "bin2double" "bin2double" 2 17, 2 17 0, S_00000191d09a6a40;
 .timescale 0 0;
v00000191d09abe60_0 .var "bin", 6 0;
; Variable bin2double is REAL return value of scope S_00000191d09a6bd0
v00000191d09a6d60_0 .var/i "i", 31 0;
v00000191d09a6e00_0 .var/i "j", 31 0;
v00000191d09f2de0_0 .var/real "parteFracionaria", 0 0;
v00000191d09f2e80_0 .var/i "parteInteira", 31 0;
v00000191d09f2f20_0 .var/i "pontoFixo", 31 0;
TD_guia_0201.bin2double ;
    %pushi/vec4 0, 0, 32;
    %store/vec4 v00000191d09f2e80_0, 0, 32;
    %pushi/real 0, 4065; load=0.00000
    %store/real v00000191d09f2de0_0;
    %pushi/vec4 0, 0, 32;
    %store/vec4 v00000191d09a6d60_0, 0, 32;
T_0.0 ;
    %load/vec4 v00000191d09a6d60_0;
    %load/vec4 v00000191d09f2f20_0;
    %cmp/s;
    %jmp/0xz T_0.1, 5;
    %load/vec4 v00000191d09abe60_0;
    %load/vec4 v00000191d09a6d60_0;
    %part/s 1;
    %flag_set/vec4 8;
    %jmp/0xz  T_0.2, 8;
    %load/real v00000191d09f2de0_0;
    %pushi/vec4 1, 0, 32;
    %cvt/rv/s;
    %pushi/real 1073741824, 4067; load=2.00000
    %load/vec4 v00000191d09f2f20_0;
    %load/vec4 v00000191d09a6d60_0;
    %sub;
    %cvt/rv/s;
    %pow/wr;
    %div/wr;
    %add/wr;
    %store/real v00000191d09f2de0_0;
T_0.2 ;
    %load/vec4 v00000191d09a6d60_0;
    %addi 1, 0, 32;
    %store/vec4 v00000191d09a6d60_0, 0, 32;
    %jmp T_0.0;
T_0.1 ;
    %load/vec4 v00000191d09f2f20_0;
    %store/vec4 v00000191d09a6e00_0, 0, 32;
T_0.4 ;
    %load/vec4 v00000191d09a6e00_0;
    %cmpi/s 7, 0, 32;
    %jmp/0xz T_0.5, 5;
    %load/vec4 v00000191d09abe60_0;
    %load/vec4 v00000191d09a6e00_0;
    %part/s 1;
    %flag_set/vec4 8;
    %jmp/0xz  T_0.6, 8;
    %load/vec4 v00000191d09f2e80_0;
    %pushi/vec4 2, 0, 32;
    %load/vec4 v00000191d09a6e00_0;
    %load/vec4 v00000191d09f2f20_0;
    %sub;
    %pow/s;
    %add;
    %store/vec4 v00000191d09f2e80_0, 0, 32;
T_0.6 ;
    %load/vec4 v00000191d09a6e00_0;
    %addi 1, 0, 32;
    %store/vec4 v00000191d09a6e00_0, 0, 32;
    %jmp T_0.4;
T_0.5 ;
    %load/vec4 v00000191d09f2e80_0;
    %cvt/rv/s;
    %load/real v00000191d09f2de0_0;
    %add/wr;
    %ret/real 0; Assign to bin2double
    %end;
S_00000191d09f2fc0 .scope begin, "main" "main" 2 42, 2 42 0, S_00000191d09a6a40;
 .timescale 0 0;
    .scope S_00000191d09a6a40;
T_1 ;
    %pushi/vec4 13, 0, 7;
    %store/vec4 v00000191d09f3150_0, 0, 7;
    %pushi/vec4 19, 0, 7;
    %store/vec4 v00000191d09f3290_0, 0, 7;
    %pushi/vec4 21, 0, 7;
    %store/vec4 v00000191d09f3330_0, 0, 7;
    %pushi/vec4 57, 0, 7;
    %store/vec4 v00000191d09f33d0_0, 0, 7;
    %pushi/vec4 123, 0, 7;
    %store/vec4 v00000191d09f3470_0, 0, 7;
    %pushi/real 0, 4065; load=0.00000
    %store/real v00000191d09f31f0_0;
    %end;
    .thread T_1;
    .scope S_00000191d09a6a40;
T_2 ;
    %fork t_1, S_00000191d09f2fc0;
    %jmp t_0;
    .scope S_00000191d09f2fc0;
t_1 ;
    %vpi_call 2 43 "$display", "Guia_0201" {0 0 0};
    %vpi_call 2 44 "$display", "a(2) = %b", v00000191d09f3150_0 {0 0 0};
    %load/vec4 v00000191d09f3150_0;
    %pushi/vec4 5, 0, 32;
    %store/vec4 v00000191d09f2f20_0, 0, 32;
    %store/vec4 v00000191d09abe60_0, 0, 7;
    %callf/real TD_guia_0201.bin2double, S_00000191d09a6bd0;
    %store/real v00000191d09f31f0_0;
    %vpi_call 2 46 "$display", "a(10) = %f\012", v00000191d09f31f0_0 {0 0 0};
    %vpi_call 2 48 "$display", "b(2) = %b", v00000191d09f3290_0 {0 0 0};
    %load/vec4 v00000191d09f3290_0;
    %pushi/vec4 5, 0, 32;
    %store/vec4 v00000191d09f2f20_0, 0, 32;
    %store/vec4 v00000191d09abe60_0, 0, 7;
    %callf/real TD_guia_0201.bin2double, S_00000191d09a6bd0;
    %store/real v00000191d09f31f0_0;
    %vpi_call 2 50 "$display", "b(10) = %f\012", v00000191d09f31f0_0 {0 0 0};
    %vpi_call 2 52 "$display", "c(2) = %b", v00000191d09f3330_0 {0 0 0};
    %load/vec4 v00000191d09f3330_0;
    %pushi/vec4 5, 0, 32;
    %store/vec4 v00000191d09f2f20_0, 0, 32;
    %store/vec4 v00000191d09abe60_0, 0, 7;
    %callf/real TD_guia_0201.bin2double, S_00000191d09a6bd0;
    %store/real v00000191d09f31f0_0;
    %vpi_call 2 54 "$display", "c(10) = %f\012", v00000191d09f31f0_0 {0 0 0};
    %vpi_call 2 56 "$display", "d(2) = %b", v00000191d09f33d0_0 {0 0 0};
    %load/vec4 v00000191d09f33d0_0;
    %pushi/vec4 5, 0, 32;
    %store/vec4 v00000191d09f2f20_0, 0, 32;
    %store/vec4 v00000191d09abe60_0, 0, 7;
    %callf/real TD_guia_0201.bin2double, S_00000191d09a6bd0;
    %store/real v00000191d09f31f0_0;
    %vpi_call 2 58 "$display", "d(10) = %f\012", v00000191d09f31f0_0 {0 0 0};
    %vpi_call 2 60 "$display", "e(2) = %b", v00000191d09f3470_0 {0 0 0};
    %load/vec4 v00000191d09f3470_0;
    %pushi/vec4 5, 0, 32;
    %store/vec4 v00000191d09f2f20_0, 0, 32;
    %store/vec4 v00000191d09abe60_0, 0, 7;
    %callf/real TD_guia_0201.bin2double, S_00000191d09a6bd0;
    %store/real v00000191d09f31f0_0;
    %vpi_call 2 62 "$display", "e(10) = %f\012", v00000191d09f31f0_0 {0 0 0};
    %end;
    .scope S_00000191d09a6a40;
t_0 %join;
    %end;
    .thread T_2;
# The file index is used to find the file name in the following table.
:file_names 3;
    "N/A";
    "<interactive>";
    "Guia_0201.v";
